03-02-2021 11:27:41.758 [main] INFO  com.example.App.logStarting - Starting App using Java 11.0.10 on HQROALMARAZE2 with PID 4736 (/home/almaraze/logging/target/classes started by almaraze in /home/almaraze/logging)
03-02-2021 11:27:41.763 [main] INFO  com.example.App.logStartupProfileInfo - No active profile set, falling back to default profiles: default
03-02-2021 11:27:46.780 [main] INFO  o.s.b.w.e.tomcat.TomcatWebServer.initialize - Tomcat initialized with port(s): 8080 (http)
03-02-2021 11:27:46.786 [main] INFO  o.a.coyote.http11.Http11NioProtocol.log - Initializing ProtocolHandler ["http-nio-8080"]
03-02-2021 11:27:46.787 [main] INFO  o.a.catalina.core.StandardService.log - Starting service [Tomcat]
03-02-2021 11:27:46.787 [main] INFO  o.a.catalina.core.StandardEngine.log - Starting Servlet engine: [Apache Tomcat/9.0.41]
03-02-2021 11:27:47.008 [main] INFO  o.a.c.c.C.[Tomcat].[localhost].[/].log - Initializing Spring embedded WebApplicationContext
03-02-2021 11:27:47.009 [main] INFO  o.s.b.w.s.c.ServletWebServerApplicationContext.prepareWebApplicationContext - Root WebApplicationContext: initialization completed in 4377 ms
03-02-2021 11:27:47.128 [main] INFO  o.s.s.c.ThreadPoolTaskExecutor.initialize - Initializing ExecutorService 'applicationTaskExecutor'
03-02-2021 11:27:47.212 [main] INFO  o.a.coyote.http11.Http11NioProtocol.log - Starting ProtocolHandler ["http-nio-8080"]
03-02-2021 11:27:47.229 [main] INFO  o.s.b.w.e.tomcat.TomcatWebServer.start - Tomcat started on port(s): 8080 (http) with context path ''
03-02-2021 11:27:47.236 [main] INFO  com.example.App.logStarted - Started App in 6.272 seconds (JVM running for 6.535)
03-02-2021 11:31:55.796 [http-nio-8080-exec-1] INFO  o.a.c.c.C.[Tomcat].[localhost].[/].log - Initializing Spring DispatcherServlet 'dispatcherServlet'
03-02-2021 11:31:55.799 [http-nio-8080-exec-1] INFO  o.s.web.servlet.DispatcherServlet.initServletBean - Initializing Servlet 'dispatcherServlet'
03-02-2021 11:31:55.800 [http-nio-8080-exec-1] INFO  o.s.web.servlet.DispatcherServlet.initServletBean - Completed initialization in 1 ms
03-02-2021 11:35:24.644 [SpringContextShutdownHook] INFO  o.s.s.c.ThreadPoolTaskExecutor.shutdown - Shutting down ExecutorService 'applicationTaskExecutor'
03-02-2021 11:36:25.481 [restartedMain] INFO  com.example.App.logStarting - Starting App using Java 11.0.10 on HQROALMARAZE2 with PID 5829 (/home/almaraze/logging/target/classes started by almaraze in /home/almaraze/logging)
03-02-2021 11:36:25.484 [restartedMain] INFO  com.example.App.logStartupProfileInfo - No active profile set, falling back to default profiles: default
03-02-2021 11:36:25.532 [restartedMain] INFO  o.s.b.d.e.DevToolsPropertyDefaultsPostProcessor.logTo - Devtools property defaults active! Set 'spring.devtools.add-properties' to 'false' to disable
03-02-2021 11:36:25.532 [restartedMain] INFO  o.s.b.d.e.DevToolsPropertyDefaultsPostProcessor.logTo - For additional web related logging consider setting the 'logging.level.web' property to 'DEBUG'
03-02-2021 11:36:25.981 [restartedMain] INFO  o.s.b.w.e.tomcat.TomcatWebServer.initialize - Tomcat initialized with port(s): 8080 (http)
03-02-2021 11:36:25.987 [restartedMain] INFO  o.a.coyote.http11.Http11NioProtocol.log - Initializing ProtocolHandler ["http-nio-8080"]
03-02-2021 11:36:25.987 [restartedMain] INFO  o.a.catalina.core.StandardService.log - Starting service [Tomcat]
03-02-2021 11:36:25.987 [restartedMain] INFO  o.a.catalina.core.StandardEngine.log - Starting Servlet engine: [Apache Tomcat/9.0.41]
03-02-2021 11:36:26.021 [restartedMain] INFO  o.a.c.c.C.[Tomcat].[localhost].[/].log - Initializing Spring embedded WebApplicationContext
03-02-2021 11:36:26.021 [restartedMain] INFO  o.s.b.w.s.c.ServletWebServerApplicationContext.prepareWebApplicationContext - Root WebApplicationContext: initialization completed in 488 ms
03-02-2021 11:36:26.118 [restartedMain] INFO  o.s.s.c.ThreadPoolTaskExecutor.initialize - Initializing ExecutorService 'applicationTaskExecutor'
03-02-2021 11:36:26.211 [restartedMain] INFO  o.s.b.d.a.OptionalLiveReloadServer.startServer - LiveReload server is running on port 35729
03-02-2021 11:36:26.221 [restartedMain] INFO  o.a.coyote.http11.Http11NioProtocol.log - Starting ProtocolHandler ["http-nio-8080"]
03-02-2021 11:36:26.233 [restartedMain] INFO  o.s.b.w.e.tomcat.TomcatWebServer.start - Tomcat started on port(s): 8080 (http) with context path ''
03-02-2021 11:36:26.241 [restartedMain] INFO  com.example.App.logStarted - Started App in 1.063 seconds (JVM running for 1.329)
03-02-2021 11:36:31.012 [http-nio-8080-exec-1] INFO  o.a.c.c.C.[Tomcat].[localhost].[/].log - Initializing Spring DispatcherServlet 'dispatcherServlet'
03-02-2021 11:36:31.015 [http-nio-8080-exec-1] INFO  o.s.web.servlet.DispatcherServlet.initServletBean - Initializing Servlet 'dispatcherServlet'
03-02-2021 11:36:31.016 [http-nio-8080-exec-1] INFO  o.s.web.servlet.DispatcherServlet.initServletBean - Completed initialization in 1 ms
03-02-2021 11:36:31.031 [http-nio-8080-exec-1] INFO  com.example.HelloController.hello - <password>mi password</password>
03-02-2021 11:45:09.865 [SpringContextShutdownHook] INFO  o.s.s.c.ThreadPoolTaskExecutor.shutdown - Shutting down ExecutorService 'applicationTaskExecutor'
03-02-2021 11:45:14.514 [restartedMain] INFO  com.example.App.logStarting - Starting App using Java 11.0.10 on HQROALMARAZE2 with PID 6827 (/home/almaraze/logging/target/classes started by almaraze in /home/almaraze/logging)
03-02-2021 11:45:14.518 [restartedMain] INFO  com.example.App.logStartupProfileInfo - No active profile set, falling back to default profiles: default
03-02-2021 11:45:14.567 [restartedMain] INFO  o.s.b.d.e.DevToolsPropertyDefaultsPostProcessor.logTo - Devtools property defaults active! Set 'spring.devtools.add-properties' to 'false' to disable
03-02-2021 11:45:14.568 [restartedMain] INFO  o.s.b.d.e.DevToolsPropertyDefaultsPostProcessor.logTo - For additional web related logging consider setting the 'logging.level.web' property to 'DEBUG'
03-02-2021 11:45:15.015 [restartedMain] INFO  o.s.b.w.e.tomcat.TomcatWebServer.initialize - Tomcat initialized with port(s): 8080 (http)
03-02-2021 11:45:15.022 [restartedMain] INFO  o.a.coyote.http11.Http11NioProtocol.log - Initializing ProtocolHandler ["http-nio-8080"]
03-02-2021 11:45:15.023 [restartedMain] INFO  o.a.catalina.core.StandardService.log - Starting service [Tomcat]
03-02-2021 11:45:15.023 [restartedMain] INFO  o.a.catalina.core.StandardEngine.log - Starting Servlet engine: [Apache Tomcat/9.0.41]
03-02-2021 11:45:15.053 [restartedMain] INFO  o.a.c.c.C.[Tomcat].[localhost].[/].log - Initializing Spring embedded WebApplicationContext
03-02-2021 11:45:15.053 [restartedMain] INFO  o.s.b.w.s.c.ServletWebServerApplicationContext.prepareWebApplicationContext - Root WebApplicationContext: initialization completed in 484 ms
03-02-2021 11:45:15.152 [restartedMain] INFO  o.s.s.c.ThreadPoolTaskExecutor.initialize - Initializing ExecutorService 'applicationTaskExecutor'
03-02-2021 11:45:15.236 [restartedMain] INFO  o.s.b.d.a.OptionalLiveReloadServer.startServer - LiveReload server is running on port 35729
03-02-2021 11:45:15.243 [restartedMain] INFO  o.a.coyote.http11.Http11NioProtocol.log - Starting ProtocolHandler ["http-nio-8080"]
03-02-2021 11:45:15.264 [restartedMain] INFO  o.s.b.w.e.tomcat.TomcatWebServer.start - Tomcat started on port(s): 8080 (http) with context path ''
03-02-2021 11:45:15.273 [restartedMain] INFO  com.example.App.logStarted - Started App in 1.065 seconds (JVM running for 1.325)
03-02-2021 11:45:21.818 [http-nio-8080-exec-1] INFO  o.a.c.c.C.[Tomcat].[localhost].[/].log - Initializing Spring DispatcherServlet 'dispatcherServlet'
03-02-2021 11:45:21.821 [http-nio-8080-exec-1] INFO  o.s.web.servlet.DispatcherServlet.initServletBean - Initializing Servlet 'dispatcherServlet'
03-02-2021 11:45:21.822 [http-nio-8080-exec-1] INFO  o.s.web.servlet.DispatcherServlet.initServletBean - Completed initialization in 1 ms
03-02-2021 11:45:21.833 [http-nio-8080-exec-1] INFO  com.example.HelloController.hello - <password>mi password</password>
03-02-2021 11:48:38.466 [SpringContextShutdownHook] INFO  o.s.s.c.ThreadPoolTaskExecutor.shutdown - Shutting down ExecutorService 'applicationTaskExecutor'
03-02-2021 11:48:42.548 [restartedMain] INFO  com.example.App.logStarting - Starting App using Java 11.0.10 on HQROALMARAZE2 with PID 7281 (/home/almaraze/logging/target/classes started by almaraze in /home/almaraze/logging)
03-02-2021 11:48:42.551 [restartedMain] INFO  com.example.App.logStartupProfileInfo - No active profile set, falling back to default profiles: default
03-02-2021 11:48:42.603 [restartedMain] INFO  o.s.b.d.e.DevToolsPropertyDefaultsPostProcessor.logTo - Devtools property defaults active! Set 'spring.devtools.add-properties' to 'false' to disable
03-02-2021 11:48:42.604 [restartedMain] INFO  o.s.b.d.e.DevToolsPropertyDefaultsPostProcessor.logTo - For additional web related logging consider setting the 'logging.level.web' property to 'DEBUG'
03-02-2021 11:48:43.061 [restartedMain] INFO  o.s.b.w.e.tomcat.TomcatWebServer.initialize - Tomcat initialized with port(s): 8080 (http)
03-02-2021 11:48:43.066 [restartedMain] INFO  o.a.coyote.http11.Http11NioProtocol.log - Initializing ProtocolHandler ["http-nio-8080"]
03-02-2021 11:48:43.067 [restartedMain] INFO  o.a.catalina.core.StandardService.log - Starting service [Tomcat]
03-02-2021 11:48:43.067 [restartedMain] INFO  o.a.catalina.core.StandardEngine.log - Starting Servlet engine: [Apache Tomcat/9.0.41]
03-02-2021 11:48:43.099 [restartedMain] INFO  o.a.c.c.C.[Tomcat].[localhost].[/].log - Initializing Spring embedded WebApplicationContext
03-02-2021 11:48:43.100 [restartedMain] INFO  o.s.b.w.s.c.ServletWebServerApplicationContext.prepareWebApplicationContext - Root WebApplicationContext: initialization completed in 496 ms
03-02-2021 11:48:43.194 [restartedMain] INFO  o.s.s.c.ThreadPoolTaskExecutor.initialize - Initializing ExecutorService 'applicationTaskExecutor'
03-02-2021 11:48:43.273 [restartedMain] INFO  o.s.b.d.a.OptionalLiveReloadServer.startServer - LiveReload server is running on port 35729
03-02-2021 11:48:43.280 [restartedMain] INFO  o.a.coyote.http11.Http11NioProtocol.log - Starting ProtocolHandler ["http-nio-8080"]
03-02-2021 11:48:43.290 [restartedMain] INFO  o.s.b.w.e.tomcat.TomcatWebServer.start - Tomcat started on port(s): 8080 (http) with context path ''
03-02-2021 11:48:43.297 [restartedMain] INFO  com.example.App.logStarted - Started App in 1.081 seconds (JVM running for 1.356)
03-02-2021 11:48:46.193 [http-nio-8080-exec-1] INFO  o.a.c.c.C.[Tomcat].[localhost].[/].log - Initializing Spring DispatcherServlet 'dispatcherServlet'
03-02-2021 11:48:46.195 [http-nio-8080-exec-1] INFO  o.s.web.servlet.DispatcherServlet.initServletBean - Initializing Servlet 'dispatcherServlet'
03-02-2021 11:48:46.195 [http-nio-8080-exec-1] INFO  o.s.web.servlet.DispatcherServlet.initServletBean - Completed initialization in 0 ms
03-02-2021 11:48:46.205 [http-nio-8080-exec-1] INFO  com.example.HelloController.hello - <password>mi password</password>
03-02-2021 11:49:46.668 [SpringContextShutdownHook] INFO  o.s.s.c.ThreadPoolTaskExecutor.shutdown - Shutting down ExecutorService 'applicationTaskExecutor'
03-02-2021 11:49:50.700 [restartedMain] INFO  com.example.App.logStarting - Starting App using Java 11.0.10 on HQROALMARAZE2 with PID 7496 (/home/almaraze/logging/target/classes started by almaraze in /home/almaraze/logging)
03-02-2021 11:49:50.703 [restartedMain] INFO  com.example.App.logStartupProfileInfo - No active profile set, falling back to default profiles: default
03-02-2021 11:49:50.759 [restartedMain] INFO  o.s.b.d.e.DevToolsPropertyDefaultsPostProcessor.logTo - Devtools property defaults active! Set 'spring.devtools.add-properties' to 'false' to disable
03-02-2021 11:49:50.759 [restartedMain] INFO  o.s.b.d.e.DevToolsPropertyDefaultsPostProcessor.logTo - For additional web related logging consider setting the 'logging.level.web' property to 'DEBUG'
03-02-2021 11:49:51.203 [restartedMain] INFO  o.s.b.w.e.tomcat.TomcatWebServer.initialize - Tomcat initialized with port(s): 8080 (http)
03-02-2021 11:49:51.208 [restartedMain] INFO  o.a.coyote.http11.Http11NioProtocol.log - Initializing ProtocolHandler ["http-nio-8080"]
03-02-2021 11:49:51.208 [restartedMain] INFO  o.a.catalina.core.StandardService.log - Starting service [Tomcat]
03-02-2021 11:49:51.209 [restartedMain] INFO  o.a.catalina.core.StandardEngine.log - Starting Servlet engine: [Apache Tomcat/9.0.41]
03-02-2021 11:49:51.241 [restartedMain] INFO  o.a.c.c.C.[Tomcat].[localhost].[/].log - Initializing Spring embedded WebApplicationContext
03-02-2021 11:49:51.241 [restartedMain] INFO  o.s.b.w.s.c.ServletWebServerApplicationContext.prepareWebApplicationContext - Root WebApplicationContext: initialization completed in 480 ms
03-02-2021 11:49:51.339 [restartedMain] INFO  o.s.s.c.ThreadPoolTaskExecutor.initialize - Initializing ExecutorService 'applicationTaskExecutor'
03-02-2021 11:49:51.420 [restartedMain] INFO  o.s.b.d.a.OptionalLiveReloadServer.startServer - LiveReload server is running on port 35729
03-02-2021 11:49:51.429 [restartedMain] INFO  o.a.coyote.http11.Http11NioProtocol.log - Starting ProtocolHandler ["http-nio-8080"]
03-02-2021 11:49:51.449 [restartedMain] INFO  o.s.b.w.e.tomcat.TomcatWebServer.start - Tomcat started on port(s): 8080 (http) with context path ''
03-02-2021 11:49:51.457 [restartedMain] INFO  com.example.App.logStarted - Started App in 1.057 seconds (JVM running for 1.344)
03-02-2021 11:49:56.829 [http-nio-8080-exec-1] INFO  o.a.c.c.C.[Tomcat].[localhost].[/].log - Initializing Spring DispatcherServlet 'dispatcherServlet'
03-02-2021 11:49:56.831 [http-nio-8080-exec-1] INFO  o.s.web.servlet.DispatcherServlet.initServletBean - Initializing Servlet 'dispatcherServlet'
03-02-2021 11:49:56.832 [http-nio-8080-exec-1] INFO  o.s.web.servlet.DispatcherServlet.initServletBean - Completed initialization in 0 ms
03-02-2021 11:49:56.843 [http-nio-8080-exec-1] INFO  com.example.HelloController.hello - <password>mi password</password>
03-02-2021 11:50:28.052 [SpringContextShutdownHook] INFO  o.s.s.c.ThreadPoolTaskExecutor.shutdown - Shutting down ExecutorService 'applicationTaskExecutor'
03-02-2021 11:50:32.532 [restartedMain] INFO  com.example.App.logStarting - Starting App using Java 11.0.10 on HQROALMARAZE2 with PID 7668 (/home/almaraze/logging/target/classes started by almaraze in /home/almaraze/logging)
03-02-2021 11:50:32.535 [restartedMain] INFO  com.example.App.logStartupProfileInfo - No active profile set, falling back to default profiles: default
03-02-2021 11:50:32.579 [restartedMain] INFO  o.s.b.d.e.DevToolsPropertyDefaultsPostProcessor.logTo - Devtools property defaults active! Set 'spring.devtools.add-properties' to 'false' to disable
03-02-2021 11:50:32.579 [restartedMain] INFO  o.s.b.d.e.DevToolsPropertyDefaultsPostProcessor.logTo - For additional web related logging consider setting the 'logging.level.web' property to 'DEBUG'
03-02-2021 11:50:33.028 [restartedMain] INFO  o.s.b.w.e.tomcat.TomcatWebServer.initialize - Tomcat initialized with port(s): 8080 (http)
03-02-2021 11:50:33.033 [restartedMain] INFO  o.a.coyote.http11.Http11NioProtocol.log - Initializing ProtocolHandler ["http-nio-8080"]
03-02-2021 11:50:33.034 [restartedMain] INFO  o.a.catalina.core.StandardService.log - Starting service [Tomcat]
03-02-2021 11:50:33.035 [restartedMain] INFO  o.a.catalina.core.StandardEngine.log - Starting Servlet engine: [Apache Tomcat/9.0.41]
03-02-2021 11:50:33.065 [restartedMain] INFO  o.a.c.c.C.[Tomcat].[localhost].[/].log - Initializing Spring embedded WebApplicationContext
03-02-2021 11:50:33.066 [restartedMain] INFO  o.s.b.w.s.c.ServletWebServerApplicationContext.prepareWebApplicationContext - Root WebApplicationContext: initialization completed in 486 ms
03-02-2021 11:50:33.166 [restartedMain] INFO  o.s.s.c.ThreadPoolTaskExecutor.initialize - Initializing ExecutorService 'applicationTaskExecutor'
03-02-2021 11:50:33.246 [restartedMain] INFO  o.s.b.d.a.OptionalLiveReloadServer.startServer - LiveReload server is running on port 35729
03-02-2021 11:50:33.254 [restartedMain] INFO  o.a.coyote.http11.Http11NioProtocol.log - Starting ProtocolHandler ["http-nio-8080"]
03-02-2021 11:50:33.274 [restartedMain] INFO  o.s.b.w.e.tomcat.TomcatWebServer.start - Tomcat started on port(s): 8080 (http) with context path ''
03-02-2021 11:50:33.282 [restartedMain] INFO  com.example.App.logStarted - Started App in 1.057 seconds (JVM running for 1.319)
03-02-2021 11:50:36.325 [http-nio-8080-exec-1] INFO  o.a.c.c.C.[Tomcat].[localhost].[/].log - Initializing Spring DispatcherServlet 'dispatcherServlet'
03-02-2021 11:50:36.328 [http-nio-8080-exec-1] INFO  o.s.web.servlet.DispatcherServlet.initServletBean - Initializing Servlet 'dispatcherServlet'
03-02-2021 11:50:36.330 [http-nio-8080-exec-1] INFO  o.s.web.servlet.DispatcherServlet.initServletBean - Completed initialization in 1 ms
03-02-2021 11:50:36.341 [http-nio-8080-exec-1] INFO  com.example.HelloController.hello - <password>mi password</password>
03-02-2021 11:51:39.512 [SpringContextShutdownHook] INFO  o.s.s.c.ThreadPoolTaskExecutor.shutdown - Shutting down ExecutorService 'applicationTaskExecutor'
